[19:56:04] [ServerMain/INFO]: Environment: Environment[sessionHost=https://sessionserver.mojang.com, servicesHost=https://api.minecraftservices.com, profilesHost=https://api.mojang.com, name=PROD]
[19:56:07] [ServerMain/INFO]: Loaded 1470 recipes
[19:56:07] [ServerMain/INFO]: Loaded 1584 advancements
[19:56:07] [Server thread/INFO]: Starting minecraft server version 1.21.11
[19:56:07] [Server thread/INFO]: Loading properties
[19:56:07] [Server thread/INFO]: Default game type: SURVIVAL
[19:56:07] [Server thread/INFO]: Generating keypair
[19:56:07] [Server thread/INFO]: Starting Minecraft server on *:25565
[19:56:07] [Server thread/INFO]: Preparing level "world"
[19:56:08] [Server thread/INFO]: Loading 0 persistent chunks...
[19:56:08] [Server thread/INFO]: Preparing spawn area: 100%
[19:56:08] [Server thread/INFO]: Time elapsed: 13 ms
[19:56:08] [Server thread/INFO]: Done (0.574s)! For help, type "help"
[19:57:08] [Server thread/INFO]: Server empty for 60 seconds, pausing
[20:02:35] [User Authenticator #1/INFO]: UUID of player ItzDevShovon is 6595f561-69b4-486c-9a08-297a6165d679
[20:02:39] [Server thread/INFO]: ItzDevShovon[/127.0.0.1:4473] logged in with entity id 75 at (-27.659776396764258, 69.0, -136.6812270378386)
[20:02:40] [Server thread/INFO]: ItzDevShovon joined the game
[20:02:44] [Server thread/WARN]: Can't keep up! Is the server overloaded? Running 2004ms or 40 ticks behind
[20:03:23] [Server thread/INFO]: ItzDevShovon lost connection: Disconnected
[20:03:23] [Server thread/INFO]: ItzDevShovon left the game
[20:03:26] [User Authenticator #2/INFO]: UUID of player ItzDevShovon is 6595f561-69b4-486c-9a08-297a6165d679
[20:03:26] [Server thread/INFO]: ItzDevShovon[/127.0.0.1:26844] logged in with entity id 399 at (-27.659776396764258, 69.0, -136.6812270378386)
[20:03:26] [Server thread/INFO]: ItzDevShovon joined the game
[20:03:29] [Server thread/INFO]: ItzDevShovon lost connection: Disconnected
[20:03:29] [Server thread/INFO]: ItzDevShovon left the game
[20:03:31] [User Authenticator #3/INFO]: UUID of player ItzDevShovon is 6595f561-69b4-486c-9a08-297a6165d679
[20:03:31] [Server thread/INFO]: ItzDevShovon[/127.0.0.1:26859] logged in with entity id 716 at (-27.659776396764258, 69.0, -136.6812270378386)
[20:03:31] [Server thread/INFO]: ItzDevShovon joined the game
[20:03:33] [Server thread/INFO]: ItzDevShovon lost connection: Disconnected
[20:03:33] [Server thread/INFO]: ItzDevShovon left the game
[20:04:33] [Server thread/INFO]: Server empty for 60 seconds, pausing
[20:12:04] [Server thread/INFO]: Stopping the server
[20:12:04] [Server thread/INFO]: Stopping server
[20:12:04] [Server thread/INFO]: Saving players
[20:12:04] [Server thread/INFO]: Saving worlds
[20:12:04] [Server thread/INFO]: Saving chunks for level 'ServerLevel[world]'/minecraft:overworld
[20:12:04] [Server thread/INFO]: Saving chunks for level 'ServerLevel[world]'/minecraft:the_end
[20:12:04] [Server thread/INFO]: Saving chunks for level 'ServerLevel[world]'/minecraft:the_nether
[20:12:04] [Server thread/INFO]: ThreadedAnvilChunkStorage (world): All chunks are saved
[20:12:04] [Server thread/INFO]: ThreadedAnvilChunkStorage (DIM1): All chunks are saved
[20:12:04] [Server thread/INFO]: ThreadedAnvilChunkStorage (DIM-1): All chunks are saved
[20:12:04] [Server thread/INFO]: ThreadedAnvilChunkStorage: All dimensions are saved
